SAMPLE: hash=8a6087341e n=9840
after L1-L3 lags: n = 9810

==============================================================================
A. FINE baseline (L0..L3)   n=9810  R^2=0.7336
==============================================================================
predictor                       L0                L1                L2                L3
tee3_perp          +0.0043(2e-11)*   +0.0016(6e-02)    -0.0034(5e-06)*   -0.0004(6e-01) 
tee3_par           +0.0023(2e-03)*   +0.0045(8e-10)*   -0.0025(1e-04)*   -0.0007(2e-01) 
surprisal          +0.0072(2e-20)*   +0.0109(2e-47)*   +0.0016(3e-02)*   -0.0021(7e-04)*
word_length        +0.0135(5e-46)*   +0.0073(1e-18)*   -0.0063(1e-15)*   -0.0021(2e-03)*
log_freq           +0.0047(9e-07)*   +0.0003(7e-01)    -0.0025(8e-03)*   -0.0008(3e-01) 
has_trailing_punct   +0.0051(7e-14)*   +0.0128(2e-73)*   -0.0025(5e-04)*   -0.0067(4e-26)*

==============================================================================
B. FINE + COARSE (L0..L3)   n=9810  R^2=0.7359
==============================================================================
predictor                       L0                L1                L2                L3
tee3_perp          +0.0035(1e-05)*   +0.0010(3e-01)    -0.0030(5e-04)*   -0.0011(2e-01) 
tee3_par           +0.0009(3e-01)    +0.0051(2e-10)*   -0.0018(1e-02)*   -0.0007(2e-01) 
surprisal          +0.0073(1e-21)*   +0.0115(2e-53)*   +0.0014(5e-02)    -0.0022(3e-04)*
word_length        +0.0133(8e-45)*   +0.0068(5e-16)*   -0.0061(4e-15)*   -0.0019(6e-03)*
log_freq           +0.0039(7e-05)*   -0.0002(8e-01)    -0.0015(2e-01)    +0.0000(1e+00) 
has_trailing_punct   +0.0043(1e-09)*   +0.0121(2e-63)*   -0.0018(2e-02)*   -0.0060(2e-19)*
ctee_m5            -0.0009(1e-01)    +0.0007(2e-01)    +0.0004(4e-01)    +0.0003(7e-01) 
ctee_m10           -0.0003(6e-01)    +0.0005(4e-01)    +0.0004(6e-01)    +0.0009(1e-01) 
ntee_k100          +0.0042(2e-10)*   -0.0017(2e-02)*   -0.0020(2e-03)*   -0.0006(3e-01) 
nswitch_k100       -0.0015(6e-03)*   -0.0009(7e-02)    -0.0010(5e-02)    +0.0002(8e-01) 

==============================================================================
C. COARSE + lexical controls (no fine TEE)   n=9810  R^2=0.7332
==============================================================================
predictor                       L0                L1                L2                L3
ctee_m5            +0.0001(9e-01)    +0.0010(5e-02)    +0.0004(5e-01)    -0.0003(5e-01) 
ctee_m10           +0.0007(2e-01)    +0.0008(1e-01)    +0.0002(8e-01)    +0.0004(5e-01) 
ntee_k100          +0.0046(2e-15)*   +0.0001(9e-01)    -0.0032(2e-09)*   -0.0007(2e-01) 
nswitch_k100       -0.0015(6e-03)*   -0.0011(4e-02)*   -0.0010(6e-02)    +0.0001(8e-01) 

==============================================================================
D. PUNCT-FREE (current word not punct-final)   n=8647  R^2=0.7403
==============================================================================
predictor                       L0                L1                L2                L3
tee3_perp          +0.0020(1e-02)*   +0.0006(5e-01)    -0.0031(4e-04)*   -0.0007(4e-01) 
tee3_par           +0.0022(1e-02)*   +0.0048(4e-09)*   -0.0017(1e-02)*   -0.0011(4e-02)*
surprisal          +0.0061(5e-20)*   +0.0107(3e-53)*   +0.0015(5e-02)*   -0.0022(7e-04)*
word_length        +0.0099(4e-31)*   +0.0063(2e-14)*   -0.0055(1e-11)*   -0.0019(8e-03)*
log_freq           +0.0012(2e-01)    -0.0006(6e-01)    -0.0009(4e-01)    -0.0001(9e-01) 
has_trailing_punct                --   +0.0129(8e-64)*   -0.0019(9e-03)*   -0.0061(1e-18)*
ctee_m5            -0.0003(6e-01)    +0.0003(5e-01)    +0.0010(9e-02)    +0.0001(9e-01) 
ctee_m10           +0.0003(7e-01)    +0.0000(1e+00)    +0.0006(3e-01)    +0.0006(3e-01) 
ntee_k100          +0.0039(6e-09)*   -0.0012(8e-02)    -0.0024(3e-04)*   -0.0004(5e-01) 
nswitch_k100       -0.0019(6e-04)*   -0.0010(8e-02)    -0.0010(9e-02)    +0.0002(7e-01) 

DONE hash=8a6087341e
