SAMPLE: hash=8a6087341e  wake n=1627 (STEP=6)

=== ALL | DV family wake_rel (n=1627) ===
lag        tee3_perp         tee3_par        surprisal          ctee_m5        ntee_k100
  1   +0.119(1e-03)*   +0.000(1e+00)    +0.057(7e-02)    +0.022(4e-01)    +0.219(7e-17)*
  2   +0.037(3e-01)    -0.066(1e-02)*   +0.143(2e-06)*   +0.008(7e-01)    +0.200(2e-14)*
  3   +0.029(4e-01)    -0.053(4e-02)*   +0.081(6e-03)*   -0.033(2e-01)    +0.190(6e-13)*
  4   +0.005(9e-01)    -0.038(1e-01)    +0.045(9e-02)    -0.009(7e-01)    +0.187(4e-12)*
  5   +0.012(7e-01)    -0.027(3e-01)    +0.019(5e-01)    -0.017(5e-01)    +0.183(5e-12)*
  6   +0.041(2e-01)    -0.050(4e-02)*   +0.053(5e-02)    -0.042(1e-01)    +0.154(4e-09)*
  7   -0.011(7e-01)    -0.048(7e-02)    +0.080(3e-02)*   -0.033(2e-01)    +0.126(3e-06)*
  8   +0.044(2e-01)    -0.040(1e-01)    +0.064(2e-02)*   -0.028(3e-01)    +0.133(1e-06)*
  9   +0.010(8e-01)    -0.065(8e-03)*   +0.060(5e-02)*   -0.008(8e-01)    +0.143(7e-07)*
 10   +0.049(2e-01)    -0.061(3e-02)*   -0.012(7e-01)    -0.004(9e-01)    +0.156(3e-09)*

=== ALL | DV family wake_coarse (n=1627) ===
lag        tee3_perp         tee3_par        surprisal          ctee_m5        ntee_k100
  1   +0.119(1e-03)*   +0.000(1e+00)    +0.057(7e-02)    +0.022(4e-01)    +0.219(7e-17)*
  2   +0.103(5e-03)*   -0.034(2e-01)    +0.103(1e-03)*   +0.024(3e-01)    +0.216(5e-16)*
  3   +0.086(1e-02)*   -0.046(8e-02)    +0.095(2e-03)*   +0.013(6e-01)    +0.228(7e-18)*
  4   +0.076(3e-02)*   -0.053(4e-02)*   +0.088(3e-03)*   +0.010(7e-01)    +0.233(5e-19)*
  5   +0.072(4e-02)*   -0.053(3e-02)*   +0.083(5e-03)*   +0.007(8e-01)    +0.236(3e-20)*
  6   +0.025(4e-01)    -0.063(9e-03)*   +0.082(3e-03)*   -0.012(6e-01)    +0.225(2e-19)*
  7   +0.018(6e-01)    -0.050(3e-02)*   +0.055(4e-02)*   -0.022(4e-01)    +0.204(6e-17)*
  8   +0.020(5e-01)    -0.046(5e-02)    +0.048(6e-02)    -0.022(4e-01)    +0.192(4e-15)*
  9   +0.028(4e-01)    -0.052(3e-02)*   +0.048(6e-02)    -0.027(3e-01)    +0.185(9e-14)*
 10   +0.036(2e-01)    -0.062(1e-02)*   +0.053(5e-02)*   -0.027(3e-01)    +0.175(2e-12)*

=== ALL | DV family wake_nbhd (n=1627) ===
lag        tee3_perp         tee3_par        surprisal          ctee_m5        ntee_k100
  1   +0.126(3e-03)*   -0.038(1e-01)    +0.015(6e-01)    +0.010(7e-01)    +0.238(2e-18)*
  2   +0.030(4e-01)    -0.044(7e-02)    +0.072(1e-02)*   -0.003(9e-01)    +0.184(3e-12)*
  3   +0.068(4e-02)*   -0.019(4e-01)    +0.028(3e-01)    -0.023(4e-01)    +0.164(2e-09)*
  4   +0.015(6e-01)    -0.008(7e-01)    +0.021(4e-01)    -0.001(1e+00)    +0.164(2e-09)*
  5   +0.023(5e-01)    -0.022(4e-01)    -0.016(5e-01)    -0.031(3e-01)    +0.191(1e-10)*
  6   +0.041(2e-01)    -0.028(3e-01)    +0.033(3e-01)    -0.043(2e-01)    +0.140(9e-08)*
  7   -0.016(6e-01)    -0.030(2e-01)    +0.069(8e-02)    -0.038(1e-01)    +0.098(6e-04)*
  8   +0.031(3e-01)    -0.037(1e-01)    +0.040(2e-01)    -0.020(4e-01)    +0.107(3e-04)*
  9   -0.010(8e-01)    -0.046(6e-02)    +0.063(5e-02)*   -0.005(8e-01)    +0.121(1e-04)*
 10   +0.036(2e-01)    -0.044(8e-02)    -0.011(7e-01)    -0.024(4e-01)    +0.151(6e-08)*

=== PUNCT-FREE | DV family wake_rel (n=1414) ===
lag        tee3_perp         tee3_par        surprisal          ctee_m5        ntee_k100
  1   +0.100(1e-02)*   -0.013(6e-01)    +0.110(2e-03)*   +0.020(4e-01)    +0.200(9e-13)*
  2   -0.020(6e-01)    -0.087(8e-04)*   +0.203(5e-09)*   +0.004(9e-01)    +0.188(2e-10)*
  3   -0.044(3e-01)    -0.085(1e-03)*   +0.147(8e-06)*   -0.025(4e-01)    +0.172(2e-09)*
  4   -0.066(8e-02)    -0.061(2e-02)*   +0.103(5e-04)*   +0.004(9e-01)    +0.169(6e-08)*
  5   -0.068(5e-02)*   -0.053(3e-02)*   +0.085(1e-03)*   -0.016(6e-01)    +0.168(7e-09)*
  6   -0.074(2e-02)*   -0.075(4e-03)*   +0.117(3e-05)*   -0.027(3e-01)    +0.133(2e-06)*
  7   -0.087(1e-02)*   -0.073(1e-02)*   +0.119(1e-03)*   -0.026(4e-01)    +0.115(3e-05)*
  8   -0.010(8e-01)    -0.056(4e-02)*   +0.098(1e-03)*   -0.009(8e-01)    +0.133(1e-06)*
  9   -0.073(6e-02)    -0.077(5e-03)*   +0.096(2e-03)*   +0.000(1e+00)    +0.143(2e-07)*
 10   -0.040(3e-01)    -0.072(1e-02)*   +0.060(5e-02)*   -0.001(1e+00)    +0.129(2e-06)*

=== PUNCT-FREE | DV family wake_coarse (n=1414) ===
lag        tee3_perp         tee3_par        surprisal          ctee_m5        ntee_k100
  1   +0.100(1e-02)*   -0.013(6e-01)    +0.110(2e-03)*   +0.020(4e-01)    +0.200(9e-13)*
  2   +0.066(9e-02)    -0.052(5e-02)    +0.160(1e-05)*   +0.020(5e-01)    +0.199(6e-12)*
  3   +0.036(3e-01)    -0.069(9e-03)*   +0.160(8e-06)*   +0.013(6e-01)    +0.211(2e-13)*
  4   +0.021(6e-01)    -0.078(3e-03)*   +0.157(7e-06)*   +0.010(7e-01)    +0.217(6e-14)*
  5   +0.011(8e-01)    -0.080(2e-03)*   +0.157(4e-06)*   +0.007(8e-01)    +0.220(1e-14)*
  6   -0.063(7e-02)    -0.096(1e-04)*   +0.169(8e-08)*   -0.009(8e-01)    +0.208(1e-13)*
  7   -0.080(2e-02)*   -0.084(6e-04)*   +0.136(3e-06)*   -0.017(6e-01)    +0.186(5e-12)*
  8   -0.081(2e-02)*   -0.078(2e-03)*   +0.123(1e-05)*   -0.014(6e-01)    +0.176(3e-11)*
  9   -0.074(3e-02)*   -0.082(1e-03)*   +0.121(2e-05)*   -0.020(5e-01)    +0.171(7e-11)*
 10   -0.064(6e-02)    -0.091(6e-04)*   +0.123(3e-05)*   -0.016(6e-01)    +0.161(5e-10)*

=== PUNCT-FREE | DV family wake_nbhd (n=1414) ===
lag        tee3_perp         tee3_par        surprisal          ctee_m5        ntee_k100
  1   +0.048(2e-01)    -0.059(4e-02)*   +0.078(3e-02)*   +0.009(8e-01)    +0.222(2e-14)*
  2   -0.020(6e-01)    -0.065(1e-02)*   +0.138(9e-05)*   -0.012(7e-01)    +0.178(1e-09)*
  3   -0.004(9e-01)    -0.058(2e-02)*   +0.127(2e-04)*   -0.037(2e-01)    +0.159(3e-07)*
  4   -0.072(6e-02)    -0.028(3e-01)    +0.080(1e-02)*   +0.010(8e-01)    +0.149(5e-06)*
  5   -0.079(3e-02)*   -0.045(1e-01)    +0.050(6e-02)    -0.020(5e-01)    +0.167(1e-06)*
  6   -0.084(1e-02)*   -0.053(4e-02)*   +0.094(6e-04)*   -0.014(7e-01)    +0.121(9e-05)*
  7   -0.081(2e-02)*   -0.079(6e-03)*   +0.096(1e-02)*   -0.028(3e-01)    +0.113(3e-05)*
  8   +0.006(9e-01)    -0.051(8e-02)    +0.058(4e-02)*   -0.017(6e-01)    +0.118(1e-05)*
  9   -0.066(1e-01)    -0.061(2e-02)*   +0.067(3e-02)*   -0.007(8e-01)    +0.129(5e-06)*
 10   -0.052(2e-01)    -0.054(5e-02)*   +0.042(2e-01)    -0.016(6e-01)    +0.135(1e-05)*

DONE hash=8a6087341e
