gpt2_medium wake n=813 (punct-free 707), mid slot 6

PUNCT-FREE wake_rel_L (XL mid layer), full controls:
lag         ntee_mid          entropy        surprisal        tee_k3_xl
  1   +0.085(3e-02)*   +0.138(3e-03)*   +0.045(4e-01)    +0.091(1e-01) 
  2   +0.059(9e-02)    +0.165(2e-04)*   +0.174(2e-03)*   -0.008(9e-01) 
  3   +0.110(8e-03)*   +0.136(4e-03)*   +0.139(8e-03)*   -0.082(9e-02) 
  4   +0.166(3e-05)*   +0.087(4e-02)*   +0.153(1e-03)*   -0.095(3e-02)*
  5   +0.103(1e-02)*   +0.154(2e-04)*   +0.045(3e-01)    -0.074(1e-01) 
  6   +0.099(5e-03)*   +0.107(1e-02)*   +0.122(1e-02)*   -0.103(2e-02)*
  7   +0.082(2e-02)*   +0.073(1e-01)    +0.162(8e-03)*   -0.109(2e-02)*
  8   +0.066(1e-01)    +0.072(2e-01)    +0.124(9e-03)*   -0.065(2e-01) 
  9   +0.112(2e-02)*   +0.089(4e-02)*   +0.135(3e-03)*   -0.082(9e-02) 
 10   +0.107(8e-03)*   +0.061(2e-01)    +0.130(2e-03)*   -0.055(3e-01) 

layer-slot sweep: wake_rel_5 beta per ntee layer (punct-free, entropy+surprisal+lexical controls):
  slot  0: beta=+0.067 p=7e-02
  slot  1: beta=+0.126 p=5e-03
  slot  2: beta=+0.099 p=1e-02
  slot  3: beta=+0.077 p=4e-02
  slot  4: beta=+0.096 p=1e-02
  slot  5: beta=+0.078 p=3e-02
  slot  6: beta=+0.075 p=3e-02
  slot  7: beta=+0.115 p=1e-03
  slot  8: beta=+0.146 p=2e-04
  slot  9: beta=+0.197 p=1e-07
  slot 10: beta=+0.156 p=1e-05
  slot 11: beta=+0.156 p=2e-05
  slot 12: beta=+0.056 p=1e-01

DONE gpt2_medium hash=8a6087341e
